0 info it worked if it ends with ok
1 verbose cli [ '/usr/local/bin/node',
1 verbose cli   '/usr/local/bin/npm',
1 verbose cli   'i',
1 verbose cli   'phantomjs@1.9.7-15',
1 verbose cli   '--save' ]
2 info using npm@1.4.28
3 info using node@v0.10.38
4 verbose readDependencies using package.json deps
5 verbose cache add [ 'phantomjs@1.9.7-15', null ]
6 verbose cache add name=undefined spec="phantomjs@1.9.7-15" args=["phantomjs@1.9.7-15",null]
7 verbose parsed url { protocol: null,
7 verbose parsed url   slashes: null,
7 verbose parsed url   auth: null,
7 verbose parsed url   host: null,
7 verbose parsed url   port: null,
7 verbose parsed url   hostname: null,
7 verbose parsed url   hash: null,
7 verbose parsed url   search: null,
7 verbose parsed url   query: null,
7 verbose parsed url   pathname: 'phantomjs@1.9.7-15',
7 verbose parsed url   path: 'phantomjs@1.9.7-15',
7 verbose parsed url   href: 'phantomjs@1.9.7-15' }
8 verbose cache add name="phantomjs" spec="1.9.7-15" args=["phantomjs","1.9.7-15"]
9 verbose parsed url { protocol: null,
9 verbose parsed url   slashes: null,
9 verbose parsed url   auth: null,
9 verbose parsed url   host: null,
9 verbose parsed url   port: null,
9 verbose parsed url   hostname: null,
9 verbose parsed url   hash: null,
9 verbose parsed url   search: null,
9 verbose parsed url   query: null,
9 verbose parsed url   pathname: '1.9.7-15',
9 verbose parsed url   path: '1.9.7-15',
9 verbose parsed url   href: '1.9.7-15' }
10 verbose addNamed [ 'phantomjs', '1.9.7-15' ]
11 verbose addNamed [ '1.9.7-15', '1.9.7-15' ]
12 silly lockFile da9b7bdb-phantomjs-1-9-7-15 phantomjs@1.9.7-15
13 verbose lock phantomjs@1.9.7-15 /Users/switer/.npm/da9b7bdb-phantomjs-1-9-7-15.lock
14 verbose request where is /phantomjs
15 verbose request registry http://registry.npmjs.org/
16 verbose request id 6ba4274ccefeb712
17 verbose url raw /phantomjs
18 verbose url resolving [ 'http://registry.npmjs.org/', './phantomjs' ]
19 verbose url resolved http://registry.npmjs.org/phantomjs
20 verbose request where is http://registry.npmjs.org/phantomjs
21 info trying registry request attempt 1 at 18:44:44
22 verbose etag "LXV5F2GICYQ0IP29CVPYRK4T"
23 http GET http://registry.npmjs.org/phantomjs
24 http 304 http://registry.npmjs.org/phantomjs
25 silly registry.get cb [ 304,
25 silly registry.get   { date: 'Sat, 12 Sep 2015 10:40:42 GMT',
25 silly registry.get     via: '1.1 varnish',
25 silly registry.get     'cache-control': 'max-age=60',
25 silly registry.get     etag: '"LXV5F2GICYQ0IP29CVPYRK4T"',
25 silly registry.get     age: '37',
25 silly registry.get     connection: 'keep-alive',
25 silly registry.get     'x-served-by': 'cache-sin6922-SIN',
25 silly registry.get     'x-cache': 'HIT',
25 silly registry.get     'x-cache-hits': '1',
25 silly registry.get     'x-timer': 'S1442054442.915264,VS0,VE0',
25 silly registry.get     vary: 'Accept' } ]
26 verbose etag http://registry.npmjs.org/phantomjs from cache
27 silly lockFile 401fa211-phantomjs-phantomjs-1-9-7-15-tgz http://registry.npmjs.org/phantomjs/-/phantomjs-1.9.7-15.tgz
28 verbose lock http://registry.npmjs.org/phantomjs/-/phantomjs-1.9.7-15.tgz /Users/switer/.npm/401fa211-phantomjs-phantomjs-1-9-7-15-tgz.lock
29 verbose addRemoteTarball [ 'http://registry.npmjs.org/phantomjs/-/phantomjs-1.9.7-15.tgz',
29 verbose addRemoteTarball   '0b3a7ce630486a83be91ff4e832eee20e971115b' ]
30 info retry fetch attempt 1 at 18:44:44
31 verbose fetch to= /var/folders/6s/5ypdd5z15_zg31xlp3dspylh0000gn/T/npm-86172-mEcqfgmL/registry.npmjs.org/phantomjs/-/phantomjs-1.9.7-15.tgz
32 http GET http://registry.npmjs.org/phantomjs/-/phantomjs-1.9.7-15.tgz
33 http 200 http://registry.npmjs.org/phantomjs/-/phantomjs-1.9.7-15.tgz
34 silly lockFile 401fa211-phantomjs-phantomjs-1-9-7-15-tgz http://registry.npmjs.org/phantomjs/-/phantomjs-1.9.7-15.tgz
35 silly lockFile 401fa211-phantomjs-phantomjs-1-9-7-15-tgz http://registry.npmjs.org/phantomjs/-/phantomjs-1.9.7-15.tgz
36 silly lockFile da9b7bdb-phantomjs-1-9-7-15 phantomjs@1.9.7-15
37 silly lockFile da9b7bdb-phantomjs-1-9-7-15 phantomjs@1.9.7-15
38 error Error: EACCES, mkdir '/Users/switer/.npm/phantomjs/1.9.7-15'
38 error  { [Error: EACCES, mkdir '/Users/switer/.npm/phantomjs/1.9.7-15']
38 error   errno: 3,
38 error   code: 'EACCES',
38 error   path: '/Users/switer/.npm/phantomjs/1.9.7-15',
38 error   parent: 'zect' }
39 error Please try running this command again as root/Administrator.
40 error System Darwin 14.5.0
41 error command "/usr/local/bin/node" "/usr/local/bin/npm" "i" "phantomjs@1.9.7-15" "--save"
42 error cwd /Users/switer/workspace/github-switer/Zect
43 error node -v v0.10.38
44 error npm -v 1.4.28
45 error path /Users/switer/.npm/phantomjs/1.9.7-15
46 error code EACCES
47 error errno 3
48 error stack Error: EACCES, mkdir '/Users/switer/.npm/phantomjs/1.9.7-15'
49 verbose exit [ 3, true ]
